<?xml version="1.0" encoding="UTF-8"?>
<testng-results skipped="0" failed="0" ignored="0" total="1" passed="1">
  <reporter-output>
  </reporter-output>
  <suite name="Surefire suite" duration-ms="47" started-at="2021-11-28T16:49:58Z" finished-at="2021-11-28T16:49:58Z">
    <groups>
    </groups>
    <test name="Surefire test" duration-ms="47" started-at="2021-11-28T16:49:58Z" finished-at="2021-11-28T16:49:58Z">
      <class name="com.nopcommerce.demo.AppTest">
        <test-method status="PASS" signature="shouldAnswerWithTrue()" name="shouldAnswerWithTrue" duration-ms="6" started-at="2021-11-28T16:49:58Z" finished-at="2021-11-28T16:49:58Z">
          <reporter-output>
          </reporter-output>
        </test-method> <!-- shouldAnswerWithTrue -->
      </class> <!-- com.nopcommerce.demo.AppTest -->
    </test> <!-- Surefire test -->
  </suite> <!-- Surefire suite -->
</testng-results>
