<?xml version="1.0" encoding="UTF-8"?>
<!-- Generated by org.testng.reporters.JUnitXMLReporter -->
<testsuite hostname="dell7480" ignored="0" name="Surefire test" tests="1" failures="0" timestamp="28 Nov 2021 16:49:58 GMT" time="0.061" errors="0">
  <testcase name="@BeforeMethod setUp" time="0.008" classname="com.nopcommerce.demo.testbase.TestBase">
    <failure type="java.lang.NullPointerException">
      <![CDATA[java.lang.NullPointerException
at com.nopcommerce.demo.drivermanager.DriverManager.selectBrowser(DriverManager.java:19)
at com.nopcommerce.demo.testbase.TestBase.setUp(TestBase.java:13)
... Removed 33 stack frames]]>
    </failure>
  </testcase> <!-- @BeforeMethod setUp -->
  <testcase name="@AfterMethod tearDown" time="0.0" classname="com.nopcommerce.demo.testbase.TestBase">
    <skipped/>
  </testcase> <!-- @AfterMethod tearDown -->
  <testcase name="verifyProductArrangeInAlphaBaticalOrder" time="0.0" classname="com.nopcommerce.demo.testsuite.TopMenuTest">
    <skipped/>
  </testcase> <!-- verifyProductArrangeInAlphaBaticalOrder -->
</testsuite> <!-- Surefire test -->
